2021-04-09 10:57:08,982 [http-nio-8080-exec-5] (RequestController.java:63) INFO  - Function: getActiveUser
2021-04-09 10:59:10,008 [http-nio-8080-exec-1] (RequestController.java:71) INFO  - Function: createProperty
2021-04-09 11:00:25,414 [http-nio-8080-exec-5] (RequestController.java:79) INFO  - Function: updateProperty
2021-04-09 11:01:58,405 [http-nio-8080-exec-8] (RequestController.java:91) INFO  - Function: aprroveProperty
2021-04-09 11:03:42,911 [http-nio-8080-exec-2] (RequestController.java:85) INFO  - Function: searchProperty
2021-04-09 11:04:24,411 [http-nio-8080-exec-3] (RequestController.java:71) INFO  - Function: createProperty
2021-04-09 11:05:02,701 [http-nio-8080-exec-5] (RequestController.java:85) INFO  - Function: searchProperty
2021-04-09 18:20:36,753 [http-nio-auto-1-exec-1] (RequestController.java:62) INFO  - Function: getActiveUser
2021-04-09 18:53:21,788 [http-nio-auto-1-exec-1] (RequestController.java:62) INFO  - Function: getActiveUser
2021-04-09 18:57:28,404 [http-nio-auto-1-exec-1] (RequestController.java:62) INFO  - Function: getActiveUser
2021-04-09 18:58:16,412 [http-nio-8080-exec-5] (RequestController.java:62) INFO  - Function: getActiveUser
2021-04-09 19:03:19,025 [http-nio-8080-exec-8] (RequestController.java:90) INFO  - Function: aprroveProperty
2021-04-09 19:04:01,597 [http-nio-8080-exec-9] (RequestController.java:70) INFO  - Function: createProperty
2021-04-09 19:04:11,905 [http-nio-8080-exec-10] (RequestController.java:90) INFO  - Function: aprroveProperty
2021-04-09 19:04:38,735 [http-nio-auto-1-exec-1] (RequestController.java:90) INFO  - Function: aprroveProperty
2021-04-09 19:04:38,838 [http-nio-auto-1-exec-2] (RequestController.java:62) INFO  - Function: getActiveUser
2021-04-09 19:05:57,712 [http-nio-auto-1-exec-1] (RequestController.java:90) INFO  - Function: aprroveProperty
2021-04-09 19:05:57,799 [http-nio-auto-1-exec-2] (RequestController.java:62) INFO  - Function: getActiveUser
2021-04-09 19:07:19,384 [http-nio-auto-1-exec-1] (RequestController.java:90) INFO  - Function: aprroveProperty
2021-04-09 19:07:19,474 [http-nio-auto-1-exec-2] (RequestController.java:62) INFO  - Function: getActiveUser
2021-04-09 19:09:07,965 [http-nio-auto-1-exec-1] (RequestController.java:90) INFO  - Function: aprroveProperty
2021-04-09 19:09:08,069 [http-nio-auto-1-exec-2] (RequestController.java:62) INFO  - Function: getActiveUser
2021-04-09 19:10:08,848 [http-nio-auto-1-exec-1] (RequestController.java:90) INFO  - Function: aprroveProperty
2021-04-09 19:10:08,952 [http-nio-auto-1-exec-2] (RequestController.java:62) INFO  - Function: getActiveUser
2021-04-09 19:11:19,612 [http-nio-auto-1-exec-1] (RequestController.java:90) INFO  - Function: aprroveProperty
2021-04-09 19:11:19,718 [http-nio-auto-1-exec-2] (RequestController.java:62) INFO  - Function: getActiveUser
2021-04-09 19:13:55,332 [http-nio-auto-1-exec-1] (RequestController.java:90) INFO  - Function: aprroveProperty
2021-04-09 19:13:55,451 [http-nio-auto-1-exec-2] (RequestController.java:70) INFO  - Function: createProperty
2021-04-09 19:13:55,492 [http-nio-auto-1-exec-3] (RequestController.java:62) INFO  - Function: getActiveUser
2021-04-09 19:15:14,610 [http-nio-8080-exec-3] (RequestController.java:70) INFO  - Function: createProperty
2021-04-09 19:20:06,976 [http-nio-auto-1-exec-1] (RequestController.java:90) INFO  - Function: aprroveProperty
2021-04-09 19:20:07,061 [http-nio-auto-1-exec-2] (RequestController.java:70) INFO  - Function: createProperty
2021-04-09 19:20:07,101 [http-nio-auto-1-exec-3] (RequestController.java:62) INFO  - Function: getActiveUser
2021-04-09 19:22:54,683 [http-nio-auto-1-exec-1] (RequestController.java:90) INFO  - Function: aprroveProperty
2021-04-09 19:22:54,777 [http-nio-auto-1-exec-2] (RequestController.java:70) INFO  - Function: createProperty
2021-04-09 19:22:54,823 [http-nio-auto-1-exec-3] (RequestController.java:62) INFO  - Function: getActiveUser
2021-04-09 19:23:51,932 [http-nio-auto-1-exec-1] (RequestController.java:90) INFO  - Function: aprroveProperty
2021-04-09 19:23:52,028 [http-nio-auto-1-exec-2] (RequestController.java:70) INFO  - Function: createProperty
2021-04-09 19:23:52,074 [http-nio-auto-1-exec-3] (RequestController.java:62) INFO  - Function: getActiveUser
2021-04-09 19:25:28,414 [http-nio-auto-1-exec-1] (RequestController.java:90) INFO  - Function: aprroveProperty
2021-04-09 19:25:28,505 [http-nio-auto-1-exec-2] (RequestController.java:70) INFO  - Function: createProperty
2021-04-09 19:25:28,543 [http-nio-auto-1-exec-3] (RequestController.java:62) INFO  - Function: getActiveUser
2021-04-09 19:26:03,717 [http-nio-auto-1-exec-1] (RequestController.java:90) INFO  - Function: aprroveProperty
2021-04-09 19:26:03,809 [http-nio-auto-1-exec-2] (RequestController.java:70) INFO  - Function: createProperty
2021-04-09 19:26:03,847 [http-nio-auto-1-exec-3] (RequestController.java:62) INFO  - Function: getActiveUser
2021-04-09 19:27:45,775 [http-nio-auto-1-exec-1] (RequestController.java:90) INFO  - Function: aprroveProperty
2021-04-09 19:27:45,875 [http-nio-auto-1-exec-2] (RequestController.java:70) INFO  - Function: createProperty
2021-04-09 19:27:45,918 [http-nio-auto-1-exec-3] (RequestController.java:62) INFO  - Function: getActiveUser
2021-04-09 19:28:50,894 [http-nio-auto-1-exec-1] (RequestController.java:70) INFO  - Function: createProperty
2021-04-09 19:28:50,985 [http-nio-auto-1-exec-2] (RequestController.java:62) INFO  - Function: getActiveUser
2021-04-09 19:30:46,414 [http-nio-auto-1-exec-1] (RequestController.java:70) INFO  - Function: createProperty
2021-04-09 19:30:46,515 [http-nio-auto-1-exec-2] (RequestController.java:62) INFO  - Function: getActiveUser
2021-04-09 19:32:04,557 [http-nio-auto-1-exec-1] (RequestController.java:70) INFO  - Function: createProperty
2021-04-09 19:32:04,651 [http-nio-auto-1-exec-2] (RequestController.java:62) INFO  - Function: getActiveUser
2021-04-09 19:34:32,533 [http-nio-auto-1-exec-1] (RequestController.java:70) INFO  - Function: createProperty
2021-04-09 19:34:32,635 [http-nio-auto-1-exec-2] (RequestController.java:62) INFO  - Function: getActiveUser
